*** Starting uWSGI 2.0.19.1 (64bit) on [Sun Jul 12 16:07:23 2020] ***
compiled with version: 4.2.1 Compatible Apple LLVM 11.0.3 (clang-1103.0.32.62) on 03 July 2020 00:57:01
os: Darwin-19.4.0 Darwin Kernel Version 19.4.0: Wed Mar  4 22:28:40 PST 2020; root:xnu-6153.101.6~15/RELEASE_X86_64
nodename: 192.168.0.9
machine: x86_64
clock source: unix
pcre jit disabled
detected number of CPU cores: 12
current working directory: /Users/evenyan/PycharmProjects/blogproject
writing pidfile to uwsgi.pid
detected binary path: /usr/local/bin/uwsgi
chdir() to /Users/evenyan/PycharmProjects/blogproject
your processes number limit is 5568
your memory page size is 4096 bytes
detected max file descriptor number: 10240
lock engine: OSX spinlocks
thunder lock: disabled (you can enable it with --thunder-lock)
uWSGI http bound on 127.0.0.1:8000 fd 4
uwsgi socket 0 bound to TCP address 127.0.0.1:57947 (port auto-assigned) fd 3
Python version: 3.7.7 (default, Mar 10 2020, 15:43:33)  [Clang 11.0.0 (clang-1100.0.33.17)]
Python main interpreter initialized at 0x7fbcf7e05ff0
python threads support enabled
your server socket listen backlog is limited to 100 connections
your mercy for graceful operations on workers is 60 seconds
mapped 166656 bytes (162 KB) for 2 cores
*** Operational MODE: threaded ***
unable to find "application" callable in file blogproject/wsgi.py
unable to load app 0 (mountpoint='') (callable not found or import error)
*** no app loaded. going in full dynamic mode ***
*** uWSGI is running in multiple interpreter mode ***
spawned uWSGI master process (pid: 38974)
spawned uWSGI worker 1 (pid: 38977, cores: 2)
spawned uWSGI http 1 (pid: 38978)
--- no python application found, check your startup logs for errors ---
[pid: 38977|app: -1|req: -1/1] 127.0.0.1 () {52 vars in 1082 bytes} [Sun Jul 12 16:07:30 2020] GET /detail/1/ => generated 21 bytes in 0 msecs (HTTP/1.1 500) 2 headers in 83 bytes (0 switches on core 0)
--- no python application found, check your startup logs for errors ---
[pid: 38977|app: -1|req: -1/2] 127.0.0.1 () {52 vars in 1082 bytes} [Sun Jul 12 16:07:31 2020] GET /detail/1/ => generated 21 bytes in 0 msecs (HTTP/1.1 500) 2 headers in 83 bytes (0 switches on core 1)
--- no python application found, check your startup logs for errors ---
[pid: 38977|app: -1|req: -1/3] 127.0.0.1 () {48 vars in 988 bytes} [Sun Jul 12 16:07:53 2020] GET / => generated 21 bytes in 0 msecs (HTTP/1.1 500) 2 headers in 83 bytes (1 switches on core 0)
--- no python application found, check your startup logs for errors ---
[pid: 38977|app: -1|req: -1/4] 127.0.0.1 () {50 vars in 1019 bytes} [Sun Jul 12 16:07:55 2020] GET / => generated 21 bytes in 0 msecs (HTTP/1.1 500) 2 headers in 83 bytes (0 switches on core 1)
SIGINT/SIGQUIT received...killing workers...
gateway "uWSGI http 1" has been buried (pid: 38978)
worker 1 buried after 1 seconds
goodbye to uWSGI.
*** Starting uWSGI 2.0.19.1 (64bit) on [Sun Jul 12 16:08:39 2020] ***
compiled with version: 4.2.1 Compatible Apple LLVM 11.0.3 (clang-1103.0.32.62) on 03 July 2020 00:57:01
os: Darwin-19.4.0 Darwin Kernel Version 19.4.0: Wed Mar  4 22:28:40 PST 2020; root:xnu-6153.101.6~15/RELEASE_X86_64
nodename: 192.168.0.9
machine: x86_64
clock source: unix
pcre jit disabled
detected number of CPU cores: 12
current working directory: /Users/evenyan/PycharmProjects/blogproject
writing pidfile to uwsgi.pid
detected binary path: /usr/local/bin/uwsgi
chdir() to /Users/evenyan/PycharmProjects/blogproject
your processes number limit is 5568
your memory page size is 4096 bytes
detected max file descriptor number: 10240
lock engine: OSX spinlocks
thunder lock: disabled (you can enable it with --thunder-lock)
uWSGI http bound on 127.0.0.1:8000 fd 4
uwsgi socket 0 bound to TCP address 127.0.0.1:58170 (port auto-assigned) fd 3
Python version: 3.7.7 (default, Mar 10 2020, 15:43:33)  [Clang 11.0.0 (clang-1100.0.33.17)]
Python main interpreter initialized at 0x7fbeefc05f70
python threads support enabled
your server socket listen backlog is limited to 100 connections
your mercy for graceful operations on workers is 60 seconds
mapped 166656 bytes (162 KB) for 2 cores
*** Operational MODE: threaded ***
WSGI app 0 (mountpoint='') ready in 0 seconds on interpreter 0x7fbeefc05f70 pid: 39018 (default app)
*** uWSGI is running in multiple interpreter mode ***
spawned uWSGI master process (pid: 39018)
spawned uWSGI worker 1 (pid: 39022, cores: 2)
spawned uWSGI http 1 (pid: 39023)
[pid: 39022|app: 0|req: 1/1] 127.0.0.1 () {50 vars in 1019 bytes} [Sun Jul 12 16:08:44 2020] GET / => generated 8940 bytes in 78 msecs (HTTP/1.1 200) 3 headers in 110 bytes (1 switches on core 0)
[pid: 39022|app: 0|req: 2/2] 127.0.0.1 () {50 vars in 1019 bytes} [Sun Jul 12 16:08:44 2020] GET / => generated 8940 bytes in 12 msecs (HTTP/1.1 200) 3 headers in 110 bytes (2 switches on core 1)
